<?xml version="1.0" encoding="UTF-8"?>
<testsuite xmlns:xsi="http://www.w3.org/2001/XMLSchema-instance" xsi:noNamespaceSchemaLocation="https://maven.apache.org/surefire/maven-surefire-plugin/xsd/surefire-test-report.xsd" name="org.company.CompanyResourceTest" time="5.892" tests="1" errors="0" skipped="0" failures="1">
  <properties>
    <property name="sun.desktop" value="gnome"/>
    <property name="awt.toolkit" value="sun.awt.X11.XToolkit"/>
    <property name="java.specification.version" value="11"/>
    <property name="sun.cpu.isalist" value=""/>
    <property name="sun.jnu.encoding" value="UTF-8"/>
    <property name="java.class.path" value="/home/ramses/code-with-company/target/test-classes:/home/ramses/code-with-company/target/classes:/home/ramses/.m2/repository/io/quarkus/quarkus-resteasy-jsonb/1.0.0.CR1/quarkus-resteasy-jsonb-1.0.0.CR1.jar:/home/ramses/.m2/repository/io/quarkus/quarkus-jsonb/1.0.0.CR1/quarkus-jsonb-1.0.0.CR1.jar:/home/ramses/.m2/repository/org/eclipse/yasson/1.0.5/yasson-1.0.5.jar:/home/ramses/.m2/repository/io/quarkus/quarkus-jsonp/1.0.0.CR1/quarkus-jsonp-1.0.0.CR1.jar:/home/ramses/.m2/repository/org/jboss/resteasy/resteasy-json-binding-provider/4.4.0.Final/resteasy-json-binding-provider-4.4.0.Final.jar:/home/ramses/.m2/repository/org/glassfish/jakarta.json/1.1.6/jakarta.json-1.1.6.jar:/home/ramses/.m2/repository/jakarta/json/bind/jakarta.json.bind-api/1.0.2/jakarta.json.bind-api-1.0.2.jar:/home/ramses/.m2/repository/org/jboss/logging/jboss-logging/3.3.2.Final/jboss-logging-3.3.2.Final.jar:/home/ramses/.m2/repository/org/jboss/resteasy/resteasy-json-p-provider/4.4.0.Final/resteasy-json-p-provider-4.4.0.Final.jar:/home/ramses/.m2/repository/commons-io/commons-io/2.6/commons-io-2.6.jar:/home/ramses/.m2/repository/io/quarkus/quarkus-resteasy/1.0.0.CR1/quarkus-resteasy-1.0.0.CR1.jar:/home/ramses/.m2/repository/io/quarkus/quarkus-vertx-http/1.0.0.CR1/quarkus-vertx-http-1.0.0.CR1.jar:/home/ramses/.m2/repository/io/quarkus/security/quarkus-security/1.0.0.Beta1/quarkus-security-1.0.0.Beta1.jar:/home/ramses/.m2/repository/jakarta/enterprise/jakarta.enterprise.cdi-api/2.0.2/jakarta.enterprise.cdi-api-2.0.2.jar:/home/ramses/.m2/repository/jakarta/el/jakarta.el-api/3.0.3/jakarta.el-api-3.0.3.jar:/home/ramses/.m2/repository/jakarta/interceptor/jakarta.interceptor-api/1.2.5/jakarta.interceptor-api-1.2.5.jar:/home/ramses/.m2/repository/jakarta/ejb/jakarta.ejb-api/3.2.6/jakarta.ejb-api-3.2.6.jar:/home/ramses/.m2/repository/io/quarkus/quarkus-vertx-core/1.0.0.CR1/quarkus-vertx-core-1.0.0.CR1.jar:/home/ramses/.m2/repository/io/quarkus/quarkus-netty/1.0.0.CR1/quarkus-netty-1.0.0.CR1.jar:/home/ramses/.m2/repository/io/netty/netty-codec/4.1.42.Final/netty-codec-4.1.42.Final.jar:/home/ramses/.m2/repository/io/netty/netty-handler/4.1.42.Final/netty-handler-4.1.42.Final.jar:/home/ramses/.m2/repository/io/vertx/vertx-core/3.8.3/vertx-core-3.8.3.jar:/home/ramses/.m2/repository/io/netty/netty-common/4.1.42.Final/netty-common-4.1.42.Final.jar:/home/ramses/.m2/repository/io/netty/netty-buffer/4.1.42.Final/netty-buffer-4.1.42.Final.jar:/home/ramses/.m2/repository/io/netty/netty-transport/4.1.42.Final/netty-transport-4.1.42.Final.jar:/home/ramses/.m2/repository/io/netty/netty-handler-proxy/4.1.42.Final/netty-handler-proxy-4.1.42.Final.jar:/home/ramses/.m2/repository/io/netty/netty-codec-socks/4.1.42.Final/netty-codec-socks-4.1.42.Final.jar:/home/ramses/.m2/repository/io/netty/netty-codec-http/4.1.42.Final/netty-codec-http-4.1.42.Final.jar:/home/ramses/.m2/repository/io/netty/netty-codec-http2/4.1.42.Final/netty-codec-http2-4.1.42.Final.jar:/home/ramses/.m2/repository/io/netty/netty-resolver/4.1.42.Final/netty-resolver-4.1.42.Final.jar:/home/ramses/.m2/repository/io/netty/netty-resolver-dns/4.1.42.Final/netty-resolver-dns-4.1.42.Final.jar:/home/ramses/.m2/repository/io/netty/netty-codec-dns/4.1.42.Final/netty-codec-dns-4.1.42.Final.jar:/home/ramses/.m2/repository/io/vertx/vertx-web/3.8.3-01/vertx-web-3.8.3-01.jar:/home/ramses/.m2/repository/io/vertx/vertx-web-common/3.8.3-01/vertx-web-common-3.8.3-01.jar:/home/ramses/.m2/repository/io/vertx/vertx-auth-common/3.8.3/vertx-auth-common-3.8.3.jar:/home/ramses/.m2/repository/io/vertx/vertx-bridge-common/3.8.3/vertx-bridge-common-3.8.3.jar:/home/ramses/.m2/repository/io/quarkus/quarkus-resteasy-server-common/1.0.0.CR1/quarkus-resteasy-server-common-1.0.0.CR1.jar:/home/ramses/.m2/repository/io/quarkus/quarkus-resteasy-common/1.0.0.CR1/quarkus-resteasy-common-1.0.0.CR1.jar:/home/ramses/.m2/repository/org/jboss/resteasy/resteasy-core/4.4.0.Final/resteasy-core-4.4.0.Final.jar:/home/ramses/.m2/repository/org/jboss/spec/javax/ws/rs/jboss-jaxrs-api_2.1_spec/2.0.1.Final/jboss-jaxrs-api_2.1_spec-2.0.1.Final.jar:/home/ramses/.m2/repository/org/jboss/spec/javax/xml/bind/jboss-jaxb-api_2.3_spec/2.0.0.Final/jboss-jaxb-api_2.3_spec-2.0.0.Final.jar:/home/ramses/.m2/repository/org/jboss/resteasy/resteasy-core-spi/4.4.0.Final/resteasy-core-spi-4.4.0.Final.jar:/home/ramses/.m2/repository/org/reactivestreams/reactive-streams/1.0.3/reactive-streams-1.0.3.jar:/home/ramses/.m2/repository/com/sun/activation/jakarta.activation/1.2.1/jakarta.activation-1.2.1.jar:/home/ramses/.m2/repository/jakarta/validation/jakarta.validation-api/2.0.2/jakarta.validation-api-2.0.2.jar:/home/ramses/.m2/repository/io/quarkus/quarkus-junit5/1.0.0.CR1/quarkus-junit5-1.0.0.CR1.jar:/home/ramses/.m2/repository/io/quarkus/quarkus-bootstrap-core/1.0.0.CR1/quarkus-bootstrap-core-1.0.0.CR1.jar:/home/ramses/.m2/repository/com/google/guava/guava/27.0.1-jre/guava-27.0.1-jre.jar:/home/ramses/.m2/repository/com/google/guava/failureaccess/1.0.1/failureaccess-1.0.1.jar:/home/ramses/.m2/repository/com/google/guava/listenablefuture/9999.0-empty-to-avoid-conflict-with-guava/listenablefuture-9999.0-empty-to-avoid-conflict-with-guava.jar:/home/ramses/.m2/repository/com/google/code/findbugs/jsr305/3.0.2/jsr305-3.0.2.jar:/home/ramses/.m2/repository/org/checkerframework/checker-qual/2.5.2/checker-qual-2.5.2.jar:/home/ramses/.m2/repository/com/google/errorprone/error_prone_annotations/2.2.0/error_prone_annotations-2.2.0.jar:/home/ramses/.m2/repository/com/google/j2objc/j2objc-annotations/1.1/j2objc-annotations-1.1.jar:/home/ramses/.m2/repository/org/codehaus/mojo/animal-sniffer-annotations/1.17/animal-sniffer-annotations-1.17.jar:/home/ramses/.m2/repository/org/apache/commons/commons-lang3/3.9/commons-lang3-3.9.jar:/home/ramses/.m2/repository/org/apache/maven/maven-embedder/3.5.4/maven-embedder-3.5.4.jar:/home/ramses/.m2/repository/org/apache/maven/maven-settings/3.5.4/maven-settings-3.5.4.jar:/home/ramses/.m2/repository/org/apache/maven/maven-core/3.5.4/maven-core-3.5.4.jar:/home/ramses/.m2/repository/org/apache/maven/maven-artifact/3.5.4/maven-artifact-3.5.4.jar:/home/ramses/.m2/repository/org/apache/maven/maven-plugin-api/3.5.4/maven-plugin-api-3.5.4.jar:/home/ramses/.m2/repository/org/apache/maven/maven-model/3.5.4/maven-model-3.5.4.jar:/home/ramses/.m2/repository/org/apache/maven/maven-model-builder/3.5.4/maven-model-builder-3.5.4.jar:/home/ramses/.m2/repository/org/apache/maven/maven-builder-support/3.5.4/maven-builder-support-3.5.4.jar:/home/ramses/.m2/repository/org/apache/maven/resolver/maven-resolver-api/1.1.1/maven-resolver-api-1.1.1.jar:/home/ramses/.m2/repository/org/apache/maven/resolver/maven-resolver-util/1.1.1/maven-resolver-util-1.1.1.jar:/home/ramses/.m2/repository/org/apache/maven/shared/maven-shared-utils/3.2.1/maven-shared-utils-3.2.1.jar:/home/ramses/.m2/repository/com/google/inject/guice/4.2.0/guice-4.2.0-no_aop.jar:/home/ramses/.m2/repository/aopalliance/aopalliance/1.0/aopalliance-1.0.jar:/home/ramses/.m2/repository/org/codehaus/plexus/plexus-utils/3.0.24/plexus-utils-3.0.24.jar:/home/ramses/.m2/repository/org/codehaus/plexus/plexus-classworlds/2.5.2/plexus-classworlds-2.5.2.jar:/home/ramses/.m2/repository/org/eclipse/sisu/org.eclipse.sisu.plexus/0.3.3/org.eclipse.sisu.plexus-0.3.3.jar:/home/ramses/.m2/repository/org/codehaus/plexus/plexus-component-annotations/1.7.1/plexus-component-annotations-1.7.1.jar:/home/ramses/.m2/repository/commons-cli/commons-cli/1.4/commons-cli-1.4.jar:/home/ramses/.m2/repository/jakarta/annotation/jakarta.annotation-api/1.3.5/jakarta.annotation-api-1.3.5.jar:/home/ramses/.m2/repository/jakarta/inject/jakarta.inject-api/1.0/jakarta.inject-api-1.0.jar:/home/ramses/.m2/repository/org/apache/maven/maven-settings-builder/3.5.4/maven-settings-builder-3.5.4.jar:/home/ramses/.m2/repository/org/codehaus/plexus/plexus-interpolation/1.24/plexus-interpolation-1.24.jar:/home/ramses/.m2/repository/org/sonatype/plexus/plexus-sec-dispatcher/1.4/plexus-sec-dispatcher-1.4.jar:/home/ramses/.m2/repository/org/sonatype/plexus/plexus-cipher/1.4/plexus-cipher-1.4.jar:/home/ramses/.m2/repository/org/apache/maven/maven-resolver-provider/3.5.4/maven-resolver-provider-3.5.4.jar:/home/ramses/.m2/repository/org/apache/maven/maven-repository-metadata/3.5.4/maven-repository-metadata-3.5.4.jar:/home/ramses/.m2/repository/org/apache/maven/resolver/maven-resolver-spi/1.1.1/maven-resolver-spi-1.1.1.jar:/home/ramses/.m2/repository/org/apache/maven/resolver/maven-resolver-impl/1.1.1/maven-resolver-impl-1.1.1.jar:/home/ramses/.m2/repository/org/apache/maven/resolver/maven-resolver-connector-basic/1.1.1/maven-resolver-connector-basic-1.1.1.jar:/home/ramses/.m2/repository/org/apache/maven/resolver/maven-resolver-transport-wagon/1.1.1/maven-resolver-transport-wagon-1.1.1.jar:/home/ramses/.m2/repository/org/apache/maven/wagon/wagon-provider-api/3.0.0/wagon-provider-api-3.0.0.jar:/home/ramses/.m2/repository/org/apache/maven/wagon/wagon-http/3.0.0/wagon-http-3.0.0.jar:/home/ramses/.m2/repository/org/apache/maven/wagon/wagon-http-shared/3.0.0/wagon-http-shared-3.0.0.jar:/home/ramses/.m2/repository/org/jsoup/jsoup/1.7.2/jsoup-1.7.2.jar:/home/ramses/.m2/repository/org/apache/maven/wagon/wagon-file/3.0.0/wagon-file-3.0.0.jar:/home/ramses/.m2/repository/org/jboss/logging/commons-logging-jboss-logging/1.0.0.Final/commons-logging-jboss-logging-1.0.0.Final.jar:/home/ramses/.m2/repository/io/quarkus/quarkus-test-common/1.0.0.CR1/quarkus-test-common-1.0.0.CR1.jar:/home/ramses/.m2/repository/io/quarkus/quarkus-core-deployment/1.0.0.CR1/quarkus-core-deployment-1.0.0.CR1.jar:/home/ramses/.m2/repository/io/quarkus/gizmo/gizmo/1.0.0.Alpha8/gizmo-1.0.0.Alpha8.jar:/home/ramses/.m2/repository/org/ow2/asm/asm-util/7.1/asm-util-7.1.jar:/home/ramses/.m2/repository/org/ow2/asm/asm-tree/7.1/asm-tree-7.1.jar:/home/ramses/.m2/repository/org/ow2/asm/asm-analysis/7.1/asm-analysis-7.1.jar:/home/ramses/.m2/repository/org/ow2/asm/asm/7.1/asm-7.1.jar:/home/ramses/.m2/repository/io/quarkus/quarkus-builder/1.0.0.CR1/quarkus-builder-1.0.0.CR1.jar:/home/ramses/.m2/repository/io/quarkus/quarkus-jsonp-deployment/1.0.0.CR1/quarkus-jsonp-deployment-1.0.0.CR1.jar:/home/ramses/.m2/repository/org/jboss/jandex/2.1.1.Final/jandex-2.1.1.Final.jar:/home/ramses/.m2/repository/org/junit/jupiter/junit-jupiter/5.5.2/junit-jupiter-5.5.2.jar:/home/ramses/.m2/repository/org/junit/jupiter/junit-jupiter-api/5.5.2/junit-jupiter-api-5.5.2.jar:/home/ramses/.m2/repository/org/apiguardian/apiguardian-api/1.1.0/apiguardian-api-1.1.0.jar:/home/ramses/.m2/repository/org/opentest4j/opentest4j/1.2.0/opentest4j-1.2.0.jar:/home/ramses/.m2/repository/org/junit/platform/junit-platform-commons/1.5.2/junit-platform-commons-1.5.2.jar:/home/ramses/.m2/repository/org/junit/jupiter/junit-jupiter-params/5.5.2/junit-jupiter-params-5.5.2.jar:/home/ramses/.m2/repository/org/junit/jupiter/junit-jupiter-engine/5.5.2/junit-jupiter-engine-5.5.2.jar:/home/ramses/.m2/repository/org/junit/platform/junit-platform-engine/1.5.2/junit-platform-engine-1.5.2.jar:/home/ramses/.m2/repository/io/quarkus/quarkus-core/1.0.0.CR1/quarkus-core-1.0.0.CR1.jar:/home/ramses/.m2/repository/io/smallrye/smallrye-config/1.3.9/smallrye-config-1.3.9.jar:/home/ramses/.m2/repository/org/jboss/logmanager/jboss-logmanager-embedded/1.0.3/jboss-logmanager-embedded-1.0.3.jar:/home/ramses/.m2/repository/org/jboss/logging/jboss-logging-annotations/2.1.0.Final/jboss-logging-annotations-2.1.0.Final.jar:/home/ramses/.m2/repository/org/jboss/threads/jboss-threads/3.0.0.Final/jboss-threads-3.0.0.Final.jar:/home/ramses/.m2/repository/org/slf4j/slf4j-api/1.7.25/slf4j-api-1.7.25.jar:/home/ramses/.m2/repository/org/jboss/slf4j/slf4j-jboss-logging/1.2.0.Final/slf4j-jboss-logging-1.2.0.Final.jar:/home/ramses/.m2/repository/org/graalvm/sdk/graal-sdk/19.2.1/graal-sdk-19.2.1.jar:/home/ramses/.m2/repository/org/wildfly/common/wildfly-common/1.5.0.Final-format-001/wildfly-common-1.5.0.Final-format-001.jar:/home/ramses/.m2/repository/io/rest-assured/rest-assured/4.1.1/rest-assured-4.1.1.jar:/home/ramses/.m2/repository/org/codehaus/groovy/groovy/2.5.6/groovy-2.5.6.jar:/home/ramses/.m2/repository/org/codehaus/groovy/groovy-xml/2.5.6/groovy-xml-2.5.6.jar:/home/ramses/.m2/repository/org/apache/httpcomponents/httpclient/4.5.9/httpclient-4.5.9.jar:/home/ramses/.m2/repository/org/apache/httpcomponents/httpcore/4.4.11/httpcore-4.4.11.jar:/home/ramses/.m2/repository/commons-codec/commons-codec/1.13/commons-codec-1.13.jar:/home/ramses/.m2/repository/org/apache/httpcomponents/httpmime/4.5.3/httpmime-4.5.3.jar:/home/ramses/.m2/repository/org/hamcrest/hamcrest/2.1/hamcrest-2.1.jar:/home/ramses/.m2/repository/org/ccil/cowan/tagsoup/tagsoup/1.2.1/tagsoup-1.2.1.jar:/home/ramses/.m2/repository/io/rest-assured/json-path/4.1.1/json-path-4.1.1.jar:/home/ramses/.m2/repository/org/codehaus/groovy/groovy-json/2.5.6/groovy-json-2.5.6.jar:/home/ramses/.m2/repository/io/rest-assured/rest-assured-common/4.1.1/rest-assured-common-4.1.1.jar:/home/ramses/.m2/repository/io/rest-assured/xml-path/4.1.1/xml-path-4.1.1.jar:/home/ramses/.m2/repository/javax/xml/bind/jaxb-api/2.3.1/jaxb-api-2.3.1.jar:/home/ramses/.m2/repository/org/apache/sling/org.apache.sling.javax.activation/0.1.0/org.apache.sling.javax.activation-0.1.0.jar:/home/ramses/.m2/repository/io/quarkus/quarkus-jdbc-mysql/1.0.0.CR1/quarkus-jdbc-mysql-1.0.0.CR1.jar:/home/ramses/.m2/repository/mysql/mysql-connector-java/8.0.17/mysql-connector-java-8.0.17.jar:/home/ramses/.m2/repository/com/google/protobuf/protobuf-java/3.6.1/protobuf-java-3.6.1.jar:/home/ramses/.m2/repository/io/quarkus/quarkus-hibernate-orm-panache/1.0.0.CR1/quarkus-hibernate-orm-panache-1.0.0.CR1.jar:/home/ramses/.m2/repository/io/quarkus/quarkus-hibernate-orm/1.0.0.CR1/quarkus-hibernate-orm-1.0.0.CR1.jar:/home/ramses/.m2/repository/io/quarkus/quarkus-agroal/1.0.0.CR1/quarkus-agroal-1.0.0.CR1.jar:/home/ramses/.m2/repository/org/jboss/narayana/jta/narayana-jta/5.9.8.Final/narayana-jta-5.9.8.Final.jar:/home/ramses/.m2/repository/org/jboss/jboss-transaction-spi/7.6.0.Final/jboss-transaction-spi-7.6.0.Final.jar:/home/ramses/.m2/repository/org/jboss/spec/javax/resource/jboss-connector-api_1.7_spec/1.0.0.Final/jboss-connector-api_1.7_spec-1.0.0.Final.jar:/home/ramses/.m2/repository/org/jboss/narayana/jts/narayana-jts-integration/5.9.8.Final/narayana-jts-integration-5.9.8.Final.jar:/home/ramses/.m2/repository/io/agroal/agroal-api/1.7/agroal-api-1.7.jar:/home/ramses/.m2/repository/io/agroal/agroal-narayana/1.7/agroal-narayana-1.7.jar:/home/ramses/.m2/repository/io/agroal/agroal-pool/1.7/agroal-pool-1.7.jar:/home/ramses/.m2/repository/io/quarkus/quarkus-vault-spi/1.0.0.CR1/quarkus-vault-spi-1.0.0.CR1.jar:/home/ramses/.m2/repository/io/quarkus/quarkus-narayana-jta/1.0.0.CR1/quarkus-narayana-jta-1.0.0.CR1.jar:/home/ramses/.m2/repository/io/smallrye/reactive/smallrye-reactive-streams-operators/1.0.10/smallrye-reactive-streams-operators-1.0.10.jar:/home/ramses/.m2/repository/org/eclipse/microprofile/reactive-streams-operators/microprofile-reactive-streams-operators-api/1.0/microprofile-reactive-streams-operators-api-1.0.jar:/home/ramses/.m2/repository/org/eclipse/microprofile/reactive-streams-operators/microprofile-reactive-streams-operators-core/1.0/microprofile-reactive-streams-operators-core-1.0.jar:/home/ramses/.m2/repository/io/reactivex/rxjava2/rxjava/2.2.13/rxjava-2.2.13.jar:/home/ramses/.m2/repository/io/smallrye/smallrye-context-propagation-jta/1.0.11/smallrye-context-propagation-jta-1.0.11.jar:/home/ramses/.m2/repository/io/smallrye/reactive/smallrye-reactive-converter-api/1.0.10/smallrye-reactive-converter-api-1.0.10.jar:/home/ramses/.m2/repository/org/hibernate/hibernate-core/5.4.8.Final/hibernate-core-5.4.8.Final.jar:/home/ramses/.m2/repository/net/bytebuddy/byte-buddy/1.10.2/byte-buddy-1.10.2.jar:/home/ramses/.m2/repository/antlr/antlr/2.7.7/antlr-2.7.7.jar:/home/ramses/.m2/repository/org/dom4j/dom4j/2.1.1/dom4j-2.1.1.jar:/home/ramses/.m2/repository/org/hibernate/common/hibernate-commons-annotations/5.1.0.Final/hibernate-commons-annotations-5.1.0.Final.jar:/home/ramses/.m2/repository/jakarta/persistence/jakarta.persistence-api/2.2.3/jakarta.persistence-api-2.2.3.jar:/home/ramses/.m2/repository/jakarta/transaction/jakarta.transaction-api/1.3.3/jakarta.transaction-api-1.3.3.jar:/home/ramses/.m2/repository/org/hibernate/quarkus-local-cache/0.1.0/quarkus-local-cache-0.1.0.jar:/home/ramses/.m2/repository/com/github/ben-manes/caffeine/caffeine/2.6.2/caffeine-2.6.2.jar:/home/ramses/.m2/repository/io/quarkus/quarkus-caffeine/1.0.0.CR1/quarkus-caffeine-1.0.0.CR1.jar:/home/ramses/.m2/repository/io/quarkus/quarkus-arc/1.0.0.CR1/quarkus-arc-1.0.0.CR1.jar:/home/ramses/.m2/repository/io/quarkus/arc/arc/1.0.0.CR1/arc-1.0.0.CR1.jar:/home/ramses/.m2/repository/org/eclipse/microprofile/context-propagation/microprofile-context-propagation-api/1.0.1/microprofile-context-propagation-api-1.0.1.jar:/home/ramses/.m2/repository/io/quarkus/quarkus-panache-common/1.0.0.CR1/quarkus-panache-common-1.0.0.CR1.jar:/home/ramses/.m2/repository/io/quarkus/quarkus-hibernate-validator/1.0.0.CR1/quarkus-hibernate-validator-1.0.0.CR1.jar:/home/ramses/.m2/repository/org/hibernate/validator/hibernate-validator/6.1.0.Final/hibernate-validator-6.1.0.Final.jar:/home/ramses/.m2/repository/com/fasterxml/classmate/1.3.4/classmate-1.3.4.jar:/home/ramses/.m2/repository/io/quarkus/quarkus-jdbc-postgresql/1.0.0.CR1/quarkus-jdbc-postgresql-1.0.0.CR1.jar:/home/ramses/.m2/repository/org/postgresql/postgresql/42.2.6/postgresql-42.2.6.jar:/home/ramses/.m2/repository/io/quarkus/quarkus-smallrye-openapi/1.0.0.CR1/quarkus-smallrye-openapi-1.0.0.CR1.jar:/home/ramses/.m2/repository/io/smallrye/smallrye-open-api/1.1.19/smallrye-open-api-1.1.19.jar:/home/ramses/.m2/repository/org/eclipse/microprofile/openapi/microprofile-openapi-api/1.1.2/microprofile-openapi-api-1.1.2.jar:/home/ramses/.m2/repository/org/eclipse/microprofile/config/microprofile-config-api/1.3/microprofile-config-api-1.3.jar:/home/ramses/.m2/repository/com/fasterxml/jackson/core/jackson-core/2.9.10/jackson-core-2.9.10.jar:/home/ramses/.m2/repository/com/fasterxml/jackson/core/jackson-databind/2.9.10.1/jackson-databind-2.9.10.1.jar:/home/ramses/.m2/repository/com/fasterxml/jackson/core/jackson-annotations/2.9.10/jackson-annotations-2.9.10.jar:/home/ramses/.m2/repository/com/fasterxml/jackson/dataformat/jackson-dataformat-yaml/2.9.10/jackson-dataformat-yaml-2.9.10.jar:/home/ramses/.m2/repository/org/yaml/snakeyaml/1.25/snakeyaml-1.25.jar:/home/ramses/.m2/repository/org/jboss/shrinkwrap/shrinkwrap-api/1.2.6/shrinkwrap-api-1.2.6.jar:/home/ramses/.m2/repository/io/quarkus/quarkus-swagger-ui/1.0.0.CR1/quarkus-swagger-ui-1.0.0.CR1.jar:"/>
    <property name="java.vm.vendor" value="Ubuntu"/>
    <property name="sun.arch.data.model" value="64"/>
    <property name="java.vendor.url" value="https://ubuntu.com/"/>
    <property name="user.timezone" value=""/>
    <property name="java.vm.specification.version" value="11"/>
    <property name="os.name" value="Linux"/>
    <property name="sun.java.launcher" value="SUN_STANDARD"/>
    <property name="user.country" value="US"/>
    <property name="sun.boot.library.path" value="/usr/lib/jvm/java-11-openjdk-amd64/lib"/>
    <property name="sun.java.command" value="/home/ramses/code-with-company/target/surefire/surefirebooter2222841896295518622.jar /home/ramses/code-with-company/target/surefire 2019-11-21T02-04-16_178-jvmRun1 surefire12351459180706481960tmp surefire_013561149583218979461tmp"/>
    <property name="jdk.debug" value="release"/>
    <property name="surefire.test.class.path" value="/home/ramses/code-with-company/target/test-classes:/home/ramses/code-with-company/target/classes:/home/ramses/.m2/repository/io/quarkus/quarkus-resteasy-jsonb/1.0.0.CR1/quarkus-resteasy-jsonb-1.0.0.CR1.jar:/home/ramses/.m2/repository/io/quarkus/quarkus-jsonb/1.0.0.CR1/quarkus-jsonb-1.0.0.CR1.jar:/home/ramses/.m2/repository/org/eclipse/yasson/1.0.5/yasson-1.0.5.jar:/home/ramses/.m2/repository/io/quarkus/quarkus-jsonp/1.0.0.CR1/quarkus-jsonp-1.0.0.CR1.jar:/home/ramses/.m2/repository/org/jboss/resteasy/resteasy-json-binding-provider/4.4.0.Final/resteasy-json-binding-provider-4.4.0.Final.jar:/home/ramses/.m2/repository/org/glassfish/jakarta.json/1.1.6/jakarta.json-1.1.6.jar:/home/ramses/.m2/repository/jakarta/json/bind/jakarta.json.bind-api/1.0.2/jakarta.json.bind-api-1.0.2.jar:/home/ramses/.m2/repository/org/jboss/logging/jboss-logging/3.3.2.Final/jboss-logging-3.3.2.Final.jar:/home/ramses/.m2/repository/org/jboss/resteasy/resteasy-json-p-provider/4.4.0.Final/resteasy-json-p-provider-4.4.0.Final.jar:/home/ramses/.m2/repository/commons-io/commons-io/2.6/commons-io-2.6.jar:/home/ramses/.m2/repository/io/quarkus/quarkus-resteasy/1.0.0.CR1/quarkus-resteasy-1.0.0.CR1.jar:/home/ramses/.m2/repository/io/quarkus/quarkus-vertx-http/1.0.0.CR1/quarkus-vertx-http-1.0.0.CR1.jar:/home/ramses/.m2/repository/io/quarkus/security/quarkus-security/1.0.0.Beta1/quarkus-security-1.0.0.Beta1.jar:/home/ramses/.m2/repository/jakarta/enterprise/jakarta.enterprise.cdi-api/2.0.2/jakarta.enterprise.cdi-api-2.0.2.jar:/home/ramses/.m2/repository/jakarta/el/jakarta.el-api/3.0.3/jakarta.el-api-3.0.3.jar:/home/ramses/.m2/repository/jakarta/interceptor/jakarta.interceptor-api/1.2.5/jakarta.interceptor-api-1.2.5.jar:/home/ramses/.m2/repository/jakarta/ejb/jakarta.ejb-api/3.2.6/jakarta.ejb-api-3.2.6.jar:/home/ramses/.m2/repository/io/quarkus/quarkus-vertx-core/1.0.0.CR1/quarkus-vertx-core-1.0.0.CR1.jar:/home/ramses/.m2/repository/io/quarkus/quarkus-netty/1.0.0.CR1/quarkus-netty-1.0.0.CR1.jar:/home/ramses/.m2/repository/io/netty/netty-codec/4.1.42.Final/netty-codec-4.1.42.Final.jar:/home/ramses/.m2/repository/io/netty/netty-handler/4.1.42.Final/netty-handler-4.1.42.Final.jar:/home/ramses/.m2/repository/io/vertx/vertx-core/3.8.3/vertx-core-3.8.3.jar:/home/ramses/.m2/repository/io/netty/netty-common/4.1.42.Final/netty-common-4.1.42.Final.jar:/home/ramses/.m2/repository/io/netty/netty-buffer/4.1.42.Final/netty-buffer-4.1.42.Final.jar:/home/ramses/.m2/repository/io/netty/netty-transport/4.1.42.Final/netty-transport-4.1.42.Final.jar:/home/ramses/.m2/repository/io/netty/netty-handler-proxy/4.1.42.Final/netty-handler-proxy-4.1.42.Final.jar:/home/ramses/.m2/repository/io/netty/netty-codec-socks/4.1.42.Final/netty-codec-socks-4.1.42.Final.jar:/home/ramses/.m2/repository/io/netty/netty-codec-http/4.1.42.Final/netty-codec-http-4.1.42.Final.jar:/home/ramses/.m2/repository/io/netty/netty-codec-http2/4.1.42.Final/netty-codec-http2-4.1.42.Final.jar:/home/ramses/.m2/repository/io/netty/netty-resolver/4.1.42.Final/netty-resolver-4.1.42.Final.jar:/home/ramses/.m2/repository/io/netty/netty-resolver-dns/4.1.42.Final/netty-resolver-dns-4.1.42.Final.jar:/home/ramses/.m2/repository/io/netty/netty-codec-dns/4.1.42.Final/netty-codec-dns-4.1.42.Final.jar:/home/ramses/.m2/repository/io/vertx/vertx-web/3.8.3-01/vertx-web-3.8.3-01.jar:/home/ramses/.m2/repository/io/vertx/vertx-web-common/3.8.3-01/vertx-web-common-3.8.3-01.jar:/home/ramses/.m2/repository/io/vertx/vertx-auth-common/3.8.3/vertx-auth-common-3.8.3.jar:/home/ramses/.m2/repository/io/vertx/vertx-bridge-common/3.8.3/vertx-bridge-common-3.8.3.jar:/home/ramses/.m2/repository/io/quarkus/quarkus-resteasy-server-common/1.0.0.CR1/quarkus-resteasy-server-common-1.0.0.CR1.jar:/home/ramses/.m2/repository/io/quarkus/quarkus-resteasy-common/1.0.0.CR1/quarkus-resteasy-common-1.0.0.CR1.jar:/home/ramses/.m2/repository/org/jboss/resteasy/resteasy-core/4.4.0.Final/resteasy-core-4.4.0.Final.jar:/home/ramses/.m2/repository/org/jboss/spec/javax/ws/rs/jboss-jaxrs-api_2.1_spec/2.0.1.Final/jboss-jaxrs-api_2.1_spec-2.0.1.Final.jar:/home/ramses/.m2/repository/org/jboss/spec/javax/xml/bind/jboss-jaxb-api_2.3_spec/2.0.0.Final/jboss-jaxb-api_2.3_spec-2.0.0.Final.jar:/home/ramses/.m2/repository/org/jboss/resteasy/resteasy-core-spi/4.4.0.Final/resteasy-core-spi-4.4.0.Final.jar:/home/ramses/.m2/repository/org/reactivestreams/reactive-streams/1.0.3/reactive-streams-1.0.3.jar:/home/ramses/.m2/repository/com/sun/activation/jakarta.activation/1.2.1/jakarta.activation-1.2.1.jar:/home/ramses/.m2/repository/jakarta/validation/jakarta.validation-api/2.0.2/jakarta.validation-api-2.0.2.jar:/home/ramses/.m2/repository/io/quarkus/quarkus-junit5/1.0.0.CR1/quarkus-junit5-1.0.0.CR1.jar:/home/ramses/.m2/repository/io/quarkus/quarkus-bootstrap-core/1.0.0.CR1/quarkus-bootstrap-core-1.0.0.CR1.jar:/home/ramses/.m2/repository/com/google/guava/guava/27.0.1-jre/guava-27.0.1-jre.jar:/home/ramses/.m2/repository/com/google/guava/failureaccess/1.0.1/failureaccess-1.0.1.jar:/home/ramses/.m2/repository/com/google/guava/listenablefuture/9999.0-empty-to-avoid-conflict-with-guava/listenablefuture-9999.0-empty-to-avoid-conflict-with-guava.jar:/home/ramses/.m2/repository/com/google/code/findbugs/jsr305/3.0.2/jsr305-3.0.2.jar:/home/ramses/.m2/repository/org/checkerframework/checker-qual/2.5.2/checker-qual-2.5.2.jar:/home/ramses/.m2/repository/com/google/errorprone/error_prone_annotations/2.2.0/error_prone_annotations-2.2.0.jar:/home/ramses/.m2/repository/com/google/j2objc/j2objc-annotations/1.1/j2objc-annotations-1.1.jar:/home/ramses/.m2/repository/org/codehaus/mojo/animal-sniffer-annotations/1.17/animal-sniffer-annotations-1.17.jar:/home/ramses/.m2/repository/org/apache/commons/commons-lang3/3.9/commons-lang3-3.9.jar:/home/ramses/.m2/repository/org/apache/maven/maven-embedder/3.5.4/maven-embedder-3.5.4.jar:/home/ramses/.m2/repository/org/apache/maven/maven-settings/3.5.4/maven-settings-3.5.4.jar:/home/ramses/.m2/repository/org/apache/maven/maven-core/3.5.4/maven-core-3.5.4.jar:/home/ramses/.m2/repository/org/apache/maven/maven-artifact/3.5.4/maven-artifact-3.5.4.jar:/home/ramses/.m2/repository/org/apache/maven/maven-plugin-api/3.5.4/maven-plugin-api-3.5.4.jar:/home/ramses/.m2/repository/org/apache/maven/maven-model/3.5.4/maven-model-3.5.4.jar:/home/ramses/.m2/repository/org/apache/maven/maven-model-builder/3.5.4/maven-model-builder-3.5.4.jar:/home/ramses/.m2/repository/org/apache/maven/maven-builder-support/3.5.4/maven-builder-support-3.5.4.jar:/home/ramses/.m2/repository/org/apache/maven/resolver/maven-resolver-api/1.1.1/maven-resolver-api-1.1.1.jar:/home/ramses/.m2/repository/org/apache/maven/resolver/maven-resolver-util/1.1.1/maven-resolver-util-1.1.1.jar:/home/ramses/.m2/repository/org/apache/maven/shared/maven-shared-utils/3.2.1/maven-shared-utils-3.2.1.jar:/home/ramses/.m2/repository/com/google/inject/guice/4.2.0/guice-4.2.0-no_aop.jar:/home/ramses/.m2/repository/aopalliance/aopalliance/1.0/aopalliance-1.0.jar:/home/ramses/.m2/repository/org/codehaus/plexus/plexus-utils/3.0.24/plexus-utils-3.0.24.jar:/home/ramses/.m2/repository/org/codehaus/plexus/plexus-classworlds/2.5.2/plexus-classworlds-2.5.2.jar:/home/ramses/.m2/repository/org/eclipse/sisu/org.eclipse.sisu.plexus/0.3.3/org.eclipse.sisu.plexus-0.3.3.jar:/home/ramses/.m2/repository/org/codehaus/plexus/plexus-component-annotations/1.7.1/plexus-component-annotations-1.7.1.jar:/home/ramses/.m2/repository/commons-cli/commons-cli/1.4/commons-cli-1.4.jar:/home/ramses/.m2/repository/jakarta/annotation/jakarta.annotation-api/1.3.5/jakarta.annotation-api-1.3.5.jar:/home/ramses/.m2/repository/jakarta/inject/jakarta.inject-api/1.0/jakarta.inject-api-1.0.jar:/home/ramses/.m2/repository/org/apache/maven/maven-settings-builder/3.5.4/maven-settings-builder-3.5.4.jar:/home/ramses/.m2/repository/org/codehaus/plexus/plexus-interpolation/1.24/plexus-interpolation-1.24.jar:/home/ramses/.m2/repository/org/sonatype/plexus/plexus-sec-dispatcher/1.4/plexus-sec-dispatcher-1.4.jar:/home/ramses/.m2/repository/org/sonatype/plexus/plexus-cipher/1.4/plexus-cipher-1.4.jar:/home/ramses/.m2/repository/org/apache/maven/maven-resolver-provider/3.5.4/maven-resolver-provider-3.5.4.jar:/home/ramses/.m2/repository/org/apache/maven/maven-repository-metadata/3.5.4/maven-repository-metadata-3.5.4.jar:/home/ramses/.m2/repository/org/apache/maven/resolver/maven-resolver-spi/1.1.1/maven-resolver-spi-1.1.1.jar:/home/ramses/.m2/repository/org/apache/maven/resolver/maven-resolver-impl/1.1.1/maven-resolver-impl-1.1.1.jar:/home/ramses/.m2/repository/org/apache/maven/resolver/maven-resolver-connector-basic/1.1.1/maven-resolver-connector-basic-1.1.1.jar:/home/ramses/.m2/repository/org/apache/maven/resolver/maven-resolver-transport-wagon/1.1.1/maven-resolver-transport-wagon-1.1.1.jar:/home/ramses/.m2/repository/org/apache/maven/wagon/wagon-provider-api/3.0.0/wagon-provider-api-3.0.0.jar:/home/ramses/.m2/repository/org/apache/maven/wagon/wagon-http/3.0.0/wagon-http-3.0.0.jar:/home/ramses/.m2/repository/org/apache/maven/wagon/wagon-http-shared/3.0.0/wagon-http-shared-3.0.0.jar:/home/ramses/.m2/repository/org/jsoup/jsoup/1.7.2/jsoup-1.7.2.jar:/home/ramses/.m2/repository/org/apache/maven/wagon/wagon-file/3.0.0/wagon-file-3.0.0.jar:/home/ramses/.m2/repository/org/jboss/logging/commons-logging-jboss-logging/1.0.0.Final/commons-logging-jboss-logging-1.0.0.Final.jar:/home/ramses/.m2/repository/io/quarkus/quarkus-test-common/1.0.0.CR1/quarkus-test-common-1.0.0.CR1.jar:/home/ramses/.m2/repository/io/quarkus/quarkus-core-deployment/1.0.0.CR1/quarkus-core-deployment-1.0.0.CR1.jar:/home/ramses/.m2/repository/io/quarkus/gizmo/gizmo/1.0.0.Alpha8/gizmo-1.0.0.Alpha8.jar:/home/ramses/.m2/repository/org/ow2/asm/asm-util/7.1/asm-util-7.1.jar:/home/ramses/.m2/repository/org/ow2/asm/asm-tree/7.1/asm-tree-7.1.jar:/home/ramses/.m2/repository/org/ow2/asm/asm-analysis/7.1/asm-analysis-7.1.jar:/home/ramses/.m2/repository/org/ow2/asm/asm/7.1/asm-7.1.jar:/home/ramses/.m2/repository/io/quarkus/quarkus-builder/1.0.0.CR1/quarkus-builder-1.0.0.CR1.jar:/home/ramses/.m2/repository/io/quarkus/quarkus-jsonp-deployment/1.0.0.CR1/quarkus-jsonp-deployment-1.0.0.CR1.jar:/home/ramses/.m2/repository/org/jboss/jandex/2.1.1.Final/jandex-2.1.1.Final.jar:/home/ramses/.m2/repository/org/junit/jupiter/junit-jupiter/5.5.2/junit-jupiter-5.5.2.jar:/home/ramses/.m2/repository/org/junit/jupiter/junit-jupiter-api/5.5.2/junit-jupiter-api-5.5.2.jar:/home/ramses/.m2/repository/org/apiguardian/apiguardian-api/1.1.0/apiguardian-api-1.1.0.jar:/home/ramses/.m2/repository/org/opentest4j/opentest4j/1.2.0/opentest4j-1.2.0.jar:/home/ramses/.m2/repository/org/junit/platform/junit-platform-commons/1.5.2/junit-platform-commons-1.5.2.jar:/home/ramses/.m2/repository/org/junit/jupiter/junit-jupiter-params/5.5.2/junit-jupiter-params-5.5.2.jar:/home/ramses/.m2/repository/org/junit/jupiter/junit-jupiter-engine/5.5.2/junit-jupiter-engine-5.5.2.jar:/home/ramses/.m2/repository/org/junit/platform/junit-platform-engine/1.5.2/junit-platform-engine-1.5.2.jar:/home/ramses/.m2/repository/io/quarkus/quarkus-core/1.0.0.CR1/quarkus-core-1.0.0.CR1.jar:/home/ramses/.m2/repository/io/smallrye/smallrye-config/1.3.9/smallrye-config-1.3.9.jar:/home/ramses/.m2/repository/org/jboss/logmanager/jboss-logmanager-embedded/1.0.3/jboss-logmanager-embedded-1.0.3.jar:/home/ramses/.m2/repository/org/jboss/logging/jboss-logging-annotations/2.1.0.Final/jboss-logging-annotations-2.1.0.Final.jar:/home/ramses/.m2/repository/org/jboss/threads/jboss-threads/3.0.0.Final/jboss-threads-3.0.0.Final.jar:/home/ramses/.m2/repository/org/slf4j/slf4j-api/1.7.25/slf4j-api-1.7.25.jar:/home/ramses/.m2/repository/org/jboss/slf4j/slf4j-jboss-logging/1.2.0.Final/slf4j-jboss-logging-1.2.0.Final.jar:/home/ramses/.m2/repository/org/graalvm/sdk/graal-sdk/19.2.1/graal-sdk-19.2.1.jar:/home/ramses/.m2/repository/org/wildfly/common/wildfly-common/1.5.0.Final-format-001/wildfly-common-1.5.0.Final-format-001.jar:/home/ramses/.m2/repository/io/rest-assured/rest-assured/4.1.1/rest-assured-4.1.1.jar:/home/ramses/.m2/repository/org/codehaus/groovy/groovy/2.5.6/groovy-2.5.6.jar:/home/ramses/.m2/repository/org/codehaus/groovy/groovy-xml/2.5.6/groovy-xml-2.5.6.jar:/home/ramses/.m2/repository/org/apache/httpcomponents/httpclient/4.5.9/httpclient-4.5.9.jar:/home/ramses/.m2/repository/org/apache/httpcomponents/httpcore/4.4.11/httpcore-4.4.11.jar:/home/ramses/.m2/repository/commons-codec/commons-codec/1.13/commons-codec-1.13.jar:/home/ramses/.m2/repository/org/apache/httpcomponents/httpmime/4.5.3/httpmime-4.5.3.jar:/home/ramses/.m2/repository/org/hamcrest/hamcrest/2.1/hamcrest-2.1.jar:/home/ramses/.m2/repository/org/ccil/cowan/tagsoup/tagsoup/1.2.1/tagsoup-1.2.1.jar:/home/ramses/.m2/repository/io/rest-assured/json-path/4.1.1/json-path-4.1.1.jar:/home/ramses/.m2/repository/org/codehaus/groovy/groovy-json/2.5.6/groovy-json-2.5.6.jar:/home/ramses/.m2/repository/io/rest-assured/rest-assured-common/4.1.1/rest-assured-common-4.1.1.jar:/home/ramses/.m2/repository/io/rest-assured/xml-path/4.1.1/xml-path-4.1.1.jar:/home/ramses/.m2/repository/javax/xml/bind/jaxb-api/2.3.1/jaxb-api-2.3.1.jar:/home/ramses/.m2/repository/org/apache/sling/org.apache.sling.javax.activation/0.1.0/org.apache.sling.javax.activation-0.1.0.jar:/home/ramses/.m2/repository/io/quarkus/quarkus-jdbc-mysql/1.0.0.CR1/quarkus-jdbc-mysql-1.0.0.CR1.jar:/home/ramses/.m2/repository/mysql/mysql-connector-java/8.0.17/mysql-connector-java-8.0.17.jar:/home/ramses/.m2/repository/com/google/protobuf/protobuf-java/3.6.1/protobuf-java-3.6.1.jar:/home/ramses/.m2/repository/io/quarkus/quarkus-hibernate-orm-panache/1.0.0.CR1/quarkus-hibernate-orm-panache-1.0.0.CR1.jar:/home/ramses/.m2/repository/io/quarkus/quarkus-hibernate-orm/1.0.0.CR1/quarkus-hibernate-orm-1.0.0.CR1.jar:/home/ramses/.m2/repository/io/quarkus/quarkus-agroal/1.0.0.CR1/quarkus-agroal-1.0.0.CR1.jar:/home/ramses/.m2/repository/org/jboss/narayana/jta/narayana-jta/5.9.8.Final/narayana-jta-5.9.8.Final.jar:/home/ramses/.m2/repository/org/jboss/jboss-transaction-spi/7.6.0.Final/jboss-transaction-spi-7.6.0.Final.jar:/home/ramses/.m2/repository/org/jboss/spec/javax/resource/jboss-connector-api_1.7_spec/1.0.0.Final/jboss-connector-api_1.7_spec-1.0.0.Final.jar:/home/ramses/.m2/repository/org/jboss/narayana/jts/narayana-jts-integration/5.9.8.Final/narayana-jts-integration-5.9.8.Final.jar:/home/ramses/.m2/repository/io/agroal/agroal-api/1.7/agroal-api-1.7.jar:/home/ramses/.m2/repository/io/agroal/agroal-narayana/1.7/agroal-narayana-1.7.jar:/home/ramses/.m2/repository/io/agroal/agroal-pool/1.7/agroal-pool-1.7.jar:/home/ramses/.m2/repository/io/quarkus/quarkus-vault-spi/1.0.0.CR1/quarkus-vault-spi-1.0.0.CR1.jar:/home/ramses/.m2/repository/io/quarkus/quarkus-narayana-jta/1.0.0.CR1/quarkus-narayana-jta-1.0.0.CR1.jar:/home/ramses/.m2/repository/io/smallrye/reactive/smallrye-reactive-streams-operators/1.0.10/smallrye-reactive-streams-operators-1.0.10.jar:/home/ramses/.m2/repository/org/eclipse/microprofile/reactive-streams-operators/microprofile-reactive-streams-operators-api/1.0/microprofile-reactive-streams-operators-api-1.0.jar:/home/ramses/.m2/repository/org/eclipse/microprofile/reactive-streams-operators/microprofile-reactive-streams-operators-core/1.0/microprofile-reactive-streams-operators-core-1.0.jar:/home/ramses/.m2/repository/io/reactivex/rxjava2/rxjava/2.2.13/rxjava-2.2.13.jar:/home/ramses/.m2/repository/io/smallrye/smallrye-context-propagation-jta/1.0.11/smallrye-context-propagation-jta-1.0.11.jar:/home/ramses/.m2/repository/io/smallrye/reactive/smallrye-reactive-converter-api/1.0.10/smallrye-reactive-converter-api-1.0.10.jar:/home/ramses/.m2/repository/org/hibernate/hibernate-core/5.4.8.Final/hibernate-core-5.4.8.Final.jar:/home/ramses/.m2/repository/net/bytebuddy/byte-buddy/1.10.2/byte-buddy-1.10.2.jar:/home/ramses/.m2/repository/antlr/antlr/2.7.7/antlr-2.7.7.jar:/home/ramses/.m2/repository/org/dom4j/dom4j/2.1.1/dom4j-2.1.1.jar:/home/ramses/.m2/repository/org/hibernate/common/hibernate-commons-annotations/5.1.0.Final/hibernate-commons-annotations-5.1.0.Final.jar:/home/ramses/.m2/repository/jakarta/persistence/jakarta.persistence-api/2.2.3/jakarta.persistence-api-2.2.3.jar:/home/ramses/.m2/repository/jakarta/transaction/jakarta.transaction-api/1.3.3/jakarta.transaction-api-1.3.3.jar:/home/ramses/.m2/repository/org/hibernate/quarkus-local-cache/0.1.0/quarkus-local-cache-0.1.0.jar:/home/ramses/.m2/repository/com/github/ben-manes/caffeine/caffeine/2.6.2/caffeine-2.6.2.jar:/home/ramses/.m2/repository/io/quarkus/quarkus-caffeine/1.0.0.CR1/quarkus-caffeine-1.0.0.CR1.jar:/home/ramses/.m2/repository/io/quarkus/quarkus-arc/1.0.0.CR1/quarkus-arc-1.0.0.CR1.jar:/home/ramses/.m2/repository/io/quarkus/arc/arc/1.0.0.CR1/arc-1.0.0.CR1.jar:/home/ramses/.m2/repository/org/eclipse/microprofile/context-propagation/microprofile-context-propagation-api/1.0.1/microprofile-context-propagation-api-1.0.1.jar:/home/ramses/.m2/repository/io/quarkus/quarkus-panache-common/1.0.0.CR1/quarkus-panache-common-1.0.0.CR1.jar:/home/ramses/.m2/repository/io/quarkus/quarkus-hibernate-validator/1.0.0.CR1/quarkus-hibernate-validator-1.0.0.CR1.jar:/home/ramses/.m2/repository/org/hibernate/validator/hibernate-validator/6.1.0.Final/hibernate-validator-6.1.0.Final.jar:/home/ramses/.m2/repository/com/fasterxml/classmate/1.3.4/classmate-1.3.4.jar:/home/ramses/.m2/repository/io/quarkus/quarkus-jdbc-postgresql/1.0.0.CR1/quarkus-jdbc-postgresql-1.0.0.CR1.jar:/home/ramses/.m2/repository/org/postgresql/postgresql/42.2.6/postgresql-42.2.6.jar:/home/ramses/.m2/repository/io/quarkus/quarkus-smallrye-openapi/1.0.0.CR1/quarkus-smallrye-openapi-1.0.0.CR1.jar:/home/ramses/.m2/repository/io/smallrye/smallrye-open-api/1.1.19/smallrye-open-api-1.1.19.jar:/home/ramses/.m2/repository/org/eclipse/microprofile/openapi/microprofile-openapi-api/1.1.2/microprofile-openapi-api-1.1.2.jar:/home/ramses/.m2/repository/org/eclipse/microprofile/config/microprofile-config-api/1.3/microprofile-config-api-1.3.jar:/home/ramses/.m2/repository/com/fasterxml/jackson/core/jackson-core/2.9.10/jackson-core-2.9.10.jar:/home/ramses/.m2/repository/com/fasterxml/jackson/core/jackson-databind/2.9.10.1/jackson-databind-2.9.10.1.jar:/home/ramses/.m2/repository/com/fasterxml/jackson/core/jackson-annotations/2.9.10/jackson-annotations-2.9.10.jar:/home/ramses/.m2/repository/com/fasterxml/jackson/dataformat/jackson-dataformat-yaml/2.9.10/jackson-dataformat-yaml-2.9.10.jar:/home/ramses/.m2/repository/org/yaml/snakeyaml/1.25/snakeyaml-1.25.jar:/home/ramses/.m2/repository/org/jboss/shrinkwrap/shrinkwrap-api/1.2.6/shrinkwrap-api-1.2.6.jar:/home/ramses/.m2/repository/io/quarkus/quarkus-swagger-ui/1.0.0.CR1/quarkus-swagger-ui-1.0.0.CR1.jar:"/>
    <property name="sun.cpu.endian" value="little"/>
    <property name="user.home" value="/home/ramses"/>
    <property name="user.language" value="en"/>
    <property name="java.specification.vendor" value="Oracle Corporation"/>
    <property name="java.version.date" value="2019-07-16"/>
    <property name="java.home" value="/usr/lib/jvm/java-11-openjdk-amd64"/>
    <property name="file.separator" value="/"/>
    <property name="basedir" value="/home/ramses/code-with-company"/>
    <property name="java.vm.compressedOopsMode" value="32-bit"/>
    <property name="line.separator" value="&#10;"/>
    <property name="java.specification.name" value="Java Platform API Specification"/>
    <property name="java.vm.specification.vendor" value="Oracle Corporation"/>
    <property name="java.awt.graphicsenv" value="sun.awt.X11GraphicsEnvironment"/>
    <property name="surefire.real.class.path" value="/home/ramses/code-with-company/target/surefire/surefirebooter2222841896295518622.jar"/>
    <property name="sun.management.compiler" value="HotSpot 64-Bit Tiered Compilers"/>
    <property name="java.runtime.version" value="11.0.4+11-post-Ubuntu-1ubuntu218.04.3"/>
    <property name="user.name" value="ramses"/>
    <property name="path.separator" value=":"/>
    <property name="quarkus.native.container-build" value="true"/>
    <property name="os.version" value="5.0.0-36-generic"/>
    <property name="java.runtime.name" value="OpenJDK Runtime Environment"/>
    <property name="file.encoding" value="UTF-8"/>
    <property name="java.vm.name" value="OpenJDK 64-Bit Server VM"/>
    <property name="localRepository" value="/home/ramses/.m2/repository"/>
    <property name="java.vendor.url.bug" value="https://bugs.launchpad.net/ubuntu/+source/openjdk-lts"/>
    <property name="java.io.tmpdir" value="/tmp"/>
    <property name="java.version" value="11.0.4"/>
    <property name="user.dir" value="/home/ramses/code-with-company"/>
    <property name="os.arch" value="amd64"/>
    <property name="java.vm.specification.name" value="Java Virtual Machine Specification"/>
    <property name="java.awt.printerjob" value="sun.print.PSPrinterJob"/>
    <property name="sun.os.patch.level" value="unknown"/>
    <property name="java.util.logging.manager" value="org.jboss.logmanager.LogManager"/>
    <property name="java.library.path" value="/usr/java/packages/lib:/usr/lib/x86_64-linux-gnu/jni:/lib/x86_64-linux-gnu:/usr/lib/x86_64-linux-gnu:/usr/lib/jni:/lib:/usr/lib"/>
    <property name="java.vendor" value="Ubuntu"/>
    <property name="java.vm.info" value="mixed mode, sharing"/>
    <property name="java.vm.version" value="11.0.4+11-post-Ubuntu-1ubuntu218.04.3"/>
    <property name="sun.io.unicode.encoding" value="UnicodeLittle"/>
    <property name="java.class.version" value="55.0"/>
  </properties>
  <testcase name="companyAllOK" classname="org.company.CompanyResourceTest" time="1.742">
    <failure message="1 expectation failed.&#10;Expected status code &lt;200&gt; but was &lt;500&gt;.&#10;" type="java.lang.AssertionError"><![CDATA[java.lang.AssertionError: 
1 expectation failed.
Expected status code <200> but was <500>.

	at org.company.CompanyResourceTest.companyAllOK(CompanyResourceTest.java:21)
]]></failure>
    <system-out><![CDATA[&amp#27;[38;2;192;192;192m02:04:18&amp#27;[39m&amp#27;[38;2;208;208;208m &amp#27;[39m&amp#27;[38;2;129;192;66mINFO &amp#27;[39m&amp#27;[38;2;208;208;208m [&amp#27;[39m&amp#27;[38;2;68;136;255mio.qu.de.QuarkusAugmentor&amp#27;[39m&amp#27;[38;2;208;208;208m] (&amp#27;[39m&amp#27;[38;2;68;170;68mmain&amp#27;[39m&amp#27;[38;2;208;208;208m) &amp#27;[39m&amp#27;[38;2;176;208;176mBeginning quarkus augmentation&amp#27;[39m&amp#27;[38;2;255;68;68m&amp#27;[39m&amp#27;[38;2;255;255;68m
&amp#27;[39m&amp#27;[38;2;192;192;192m02:04:20&amp#27;[39m&amp#27;[38;2;208;208;208m &amp#27;[39m&amp#27;[38;2;129;192;66mINFO &amp#27;[39m&amp#27;[38;2;208;208;208m [&amp#27;[39m&amp#27;[38;2;68;136;255mio.qu.de.QuarkusAugmentor&amp#27;[39m&amp#27;[38;2;208;208;208m] (&amp#27;[39m&amp#27;[38;2;68;170;68mmain&amp#27;[39m&amp#27;[38;2;208;208;208m) &amp#27;[39m&amp#27;[38;2;176;208;176mQuarkus augmentation completed in 1806ms&amp#27;[39m&amp#27;[38;2;255;68;68m&amp#27;[39m&amp#27;[38;2;255;255;68m
&amp#27;[39m&amp#27;[38;2;192;192;192m02:04:22&amp#27;[39m&amp#27;[38;2;208;208;208m &amp#27;[39m&amp#27;[38;2;129;192;66mINFO &amp#27;[39m&amp#27;[38;2;208;208;208m [&amp#27;[39m&amp#27;[38;2;68;136;255mio.quarkus&amp#27;[39m&amp#27;[38;2;208;208;208m] (&amp#27;[39m&amp#27;[38;2;68;170;68mmain&amp#27;[39m&amp#27;[38;2;208;208;208m) &amp#27;[39m&amp#27;[38;2;176;208;176m&amp#27;[39mQuarkus &amp#27;[38;2;221;221;221m1.0.0.CR1&amp#27;[39m started in &amp#27;[38;2;221;221;221m1.925&amp#27;[39ms. &amp#27;[38;2;221;221;221mListening on: http://0.0.0.0:8081&amp#27;[39m&amp#27;[39m&amp#27;[38;2;255;68;68m&amp#27;[39m&amp#27;[38;2;255;255;68m
&amp#27;[39m&amp#27;[38;2;192;192;192m02:04:22&amp#27;[39m&amp#27;[38;2;208;208;208m &amp#27;[39m&amp#27;[38;2;129;192;66mINFO &amp#27;[39m&amp#27;[38;2;208;208;208m [&amp#27;[39m&amp#27;[38;2;68;136;255mio.quarkus&amp#27;[39m&amp#27;[38;2;208;208;208m] (&amp#27;[39m&amp#27;[38;2;68;170;68mmain&amp#27;[39m&amp#27;[38;2;208;208;208m) &amp#27;[39m&amp#27;[38;2;176;208;176m&amp#27;[39mProfile &amp#27;[38;2;221;221;221mtest&amp#27;[39m activated. &amp#27;[38;2;221;221;221m&amp#27;[39m&amp#27;[39m&amp#27;[38;2;255;68;68m&amp#27;[39m&amp#27;[38;2;255;255;68m
&amp#27;[39m&amp#27;[38;2;192;192;192m02:04:22&amp#27;[39m&amp#27;[38;2;208;208;208m &amp#27;[39m&amp#27;[38;2;129;192;66mINFO &amp#27;[39m&amp#27;[38;2;208;208;208m [&amp#27;[39m&amp#27;[38;2;68;136;255mio.quarkus&amp#27;[39m&amp#27;[38;2;208;208;208m] (&amp#27;[39m&amp#27;[38;2;68;170;68mmain&amp#27;[39m&amp#27;[38;2;208;208;208m) &amp#27;[39m&amp#27;[38;2;176;208;176m&amp#27;[39mInstalled features: [&amp#27;[38;2;221;221;221magroal, cdi, hibernate-orm, hibernate-orm-panache, hibernate-validator, jdbc-mysql, jdbc-postgresql, narayana-jta, resteasy, resteasy-jsonb, smallrye-openapi, swagger-ui&amp#27;[39m]&amp#27;[39m&amp#27;[38;2;255;68;68m&amp#27;[39m&amp#27;[38;2;255;255;68m
&amp#27;[39mHibernate: 
    select
        company0_.id as id1_0_,
        company0_.name as name2_0_ 
    from
        Company company0_ limit ?
&amp#27;[38;2;192;192;192m02:04:24&amp#27;[39m&amp#27;[38;2;208;208;208m &amp#27;[39m&amp#27;[38;2;192;129;66mWARN &amp#27;[39m&amp#27;[38;2;208;208;208m [&amp#27;[39m&amp#27;[38;2;68;136;255mio.ag.pool&amp#27;[39m&amp#27;[38;2;208;208;208m] (&amp#27;[39m&amp#27;[38;2;68;170;68mAgroal_9189883951&amp#27;[39m&amp#27;[38;2;208;208;208m) &amp#27;[39m&amp#27;[38;2;176;208;176mDatasource '<default>': Plugin 'root' is not loaded&amp#27;[39m&amp#27;[38;2;255;68;68m&amp#27;[39m&amp#27;[38;2;255;255;68m
&amp#27;[39m&amp#27;[38;2;192;192;192m02:04:24&amp#27;[39m&amp#27;[38;2;208;208;208m &amp#27;[39m&amp#27;[38;2;192;129;66mWARN &amp#27;[39m&amp#27;[38;2;208;208;208m [&amp#27;[39m&amp#27;[38;2;68;136;255mor.hi.en.jd.sp.SqlExceptionHelper&amp#27;[39m&amp#27;[38;2;208;208;208m] (&amp#27;[39m&amp#27;[38;2;68;170;68mvert.x-worker-thread-0&amp#27;[39m&amp#27;[38;2;208;208;208m) &amp#27;[39m&amp#27;[38;2;176;208;176mSQL Error: 1524, SQLState: HY000&amp#27;[39m&amp#27;[38;2;255;68;68m&amp#27;[39m&amp#27;[38;2;255;255;68m
&amp#27;[39m&amp#27;[38;2;192;192;192m02:04:24&amp#27;[39m&amp#27;[38;2;208;208;208m &amp#27;[39m&amp#27;[38;2;255;66;66mERROR&amp#27;[39m&amp#27;[38;2;208;208;208m [&amp#27;[39m&amp#27;[38;2;68;136;255mor.hi.en.jd.sp.SqlExceptionHelper&amp#27;[39m&amp#27;[38;2;208;208;208m] (&amp#27;[39m&amp#27;[38;2;68;170;68mvert.x-worker-thread-0&amp#27;[39m&amp#27;[38;2;208;208;208m) &amp#27;[39m&amp#27;[38;2;176;208;176mPlugin 'root' is not loaded&amp#27;[39m&amp#27;[38;2;255;68;68m&amp#27;[39m&amp#27;[38;2;255;255;68m
&amp#27;[39m&amp#27;[38;2;192;192;192m02:04:24&amp#27;[39m&amp#27;[38;2;208;208;208m &amp#27;[39m&amp#27;[38;2;255;66;66mERROR&amp#27;[39m&amp#27;[38;2;208;208;208m [&amp#27;[39m&amp#27;[38;2;68;136;255mio.qu.ve.ht.ru.QuarkusErrorHandler&amp#27;[39m&amp#27;[38;2;208;208;208m] (&amp#27;[39m&amp#27;[38;2;68;170;68mvert.x-worker-thread-0&amp#27;[39m&amp#27;[38;2;208;208;208m) &amp#27;[39m&amp#27;[38;2;176;208;176m&amp#27;[39mHTTP Request to &amp#27;[38;2;221;221;221m/company/findAllCompanys&amp#27;[39m failed, error id: &amp#27;[38;2;221;221;221m0ead7a9a-5073-4d7e-9c63-84ce1a6e147c-1&amp#27;[39m&amp#27;[39m&amp#27;[38;2;255;68;68m: org.jboss.resteasy.spi.UnhandledException: javax.persistence.PersistenceException: org.hibernate.exception.GenericJDBCException: Unable to acquire JDBC Connection
	at org.jboss.resteasy.core.ExceptionHandler.handleApplicationException(ExceptionHandler.java:106)
	at org.jboss.resteasy.core.ExceptionHandler.handleException(ExceptionHandler.java:372)
	at org.jboss.resteasy.core.SynchronousDispatcher.writeException(SynchronousDispatcher.java:209)
	at org.jboss.resteasy.core.SynchronousDispatcher.invoke(SynchronousDispatcher.java:496)
	at org.jboss.resteasy.core.SynchronousDispatcher.lambda$invoke$4(SynchronousDispatcher.java:252)
	at org.jboss.resteasy.core.SynchronousDispatcher.lambda$preprocess$0(SynchronousDispatcher.java:153)
	at org.jboss.resteasy.core.interception.jaxrs.PreMatchContainerRequestContext.filter(PreMatchContainerRequestContext.java:363)
	at org.jboss.resteasy.core.SynchronousDispatcher.preprocess(SynchronousDispatcher.java:156)
	at org.jboss.resteasy.core.SynchronousDispatcher.invoke(SynchronousDispatcher.java:238)
	at io.quarkus.resteasy.runtime.standalone.RequestDispatcher.service(RequestDispatcher.java:73)
	at io.quarkus.resteasy.runtime.standalone.VertxRequestHandler.dispatch(VertxRequestHandler.java:109)
	at io.quarkus.resteasy.runtime.standalone.VertxRequestHandler.dispatchRequestContext(VertxRequestHandler.java:84)
	at io.quarkus.resteasy.runtime.standalone.VertxRequestHandler.lambda$handle$0(VertxRequestHandler.java:71)
	at io.vertx.core.impl.ContextImpl.lambda$executeBlocking$2(ContextImpl.java:316)
	at java.base/java.util.concurrent.ThreadPoolExecutor.runWorker(ThreadPoolExecutor.java:1128)
	at java.base/java.util.concurrent.ThreadPoolExecutor$Worker.run(ThreadPoolExecutor.java:628)
	at io.netty.util.concurrent.FastThreadLocalRunnable.run(FastThreadLocalRunnable.java:30)
	at java.base/java.lang.Thread.run(Thread.java:834)
Caused by: javax.persistence.PersistenceException: org.hibernate.exception.GenericJDBCException: Unable to acquire JDBC Connection
	at org.hibernate.internal.ExceptionConverterImpl.convert(ExceptionConverterImpl.java:154)
	at org.hibernate.query.internal.AbstractProducedQuery.list(AbstractProducedQuery.java:1535)
	at org.hibernate.query.Query.getResultList(Query.java:165)
	at io.quarkus.hibernate.orm.panache.runtime.PanacheQueryImpl.list(PanacheQueryImpl.java:118)
	at io.quarkus.hibernate.orm.panache.runtime.JpaOperations.listAll(JpaOperations.java:299)
	at org.company.Company.listAll(Company.java)
	at org.company.CompanyService.findAllCompanys(CompanyService.java:29)
	at org.company.CompanyService_Subclass.findAllCompanys$$superaccessor3(CompanyService_Subclass.zig:580)
	at org.company.CompanyService_Subclass$$function$$3.apply(CompanyService_Subclass$$function$$3.zig:29)
	at io.quarkus.arc.impl.AroundInvokeInvocationContext.proceed(AroundInvokeInvocationContext.java:54)
	at io.quarkus.narayana.jta.runtime.interceptor.TransactionalInterceptorBase.invokeInOurTx(TransactionalInterceptorBase.java:119)
	at io.quarkus.narayana.jta.runtime.interceptor.TransactionalInterceptorBase.invokeInOurTx(TransactionalInterceptorBase.java:92)
	at io.quarkus.narayana.jta.runtime.interceptor.TransactionalInterceptorRequired.doIntercept(TransactionalInterceptorRequired.java:32)
	at io.quarkus.narayana.jta.runtime.interceptor.TransactionalInterceptorBase.intercept(TransactionalInterceptorBase.java:53)
	at io.quarkus.narayana.jta.runtime.interceptor.TransactionalInterceptorRequired.intercept(TransactionalInterceptorRequired.java:26)
	at io.quarkus.narayana.jta.runtime.interceptor.TransactionalInterceptorRequired_Bean.intercept(TransactionalInterceptorRequired_Bean.zig:168)
	at io.quarkus.arc.impl.InterceptorInvocation.invoke(InterceptorInvocation.java:41)
	at io.quarkus.arc.impl.AroundInvokeInvocationContext.perform(AroundInvokeInvocationContext.java:41)
	at io.quarkus.arc.impl.InvocationContexts.performAroundInvoke(InvocationContexts.java:32)
	at org.company.CompanyService_Subclass.findAllCompanys(CompanyService_Subclass.zig:675)
	at org.company.CompanyService_ClientProxy.findAllCompanys(CompanyService_ClientProxy.zig:252)
	at org.company.CompanyResource.findAllCompanys(CompanyResource.java:55)
	at java.base/jdk.internal.reflect.NativeMethodAccessorImpl.invoke0(Native Method)
	at java.base/jdk.internal.reflect.NativeMethodAccessorImpl.invoke(NativeMethodAccessorImpl.java:62)
	at java.base/jdk.internal.reflect.DelegatingMethodAccessorImpl.invoke(DelegatingMethodAccessorImpl.java:43)
	at java.base/java.lang.reflect.Method.invoke(Method.java:566)
	at org.jboss.resteasy.core.MethodInjectorImpl.invoke(MethodInjectorImpl.java:151)
	at org.jboss.resteasy.core.MethodInjectorImpl.lambda$invoke$3(MethodInjectorImpl.java:122)
	at java.base/java.util.concurrent.CompletableFuture.uniApplyNow(CompletableFuture.java:680)
	at java.base/java.util.concurrent.CompletableFuture.uniApplyStage(CompletableFuture.java:658)
	at java.base/java.util.concurrent.CompletableFuture.thenApply(CompletableFuture.java:2094)
	at java.base/java.util.concurrent.CompletableFuture.thenApply(CompletableFuture.java:143)
	at org.jboss.resteasy.core.MethodInjectorImpl.invoke(MethodInjectorImpl.java:122)
	at org.jboss.resteasy.core.ResourceMethodInvoker.internalInvokeOnTarget(ResourceMethodInvoker.java:594)
	at org.jboss.resteasy.core.ResourceMethodInvoker.invokeOnTargetAfterFilter(ResourceMethodInvoker.java:468)
	at org.jboss.resteasy.core.ResourceMethodInvoker.lambda$invokeOnTarget$2(ResourceMethodInvoker.java:421)
	at org.jboss.resteasy.core.interception.jaxrs.PreMatchContainerRequestContext.filter(PreMatchContainerRequestContext.java:363)
	at org.jboss.resteasy.core.ResourceMethodInvoker.invokeOnTarget(ResourceMethodInvoker.java:423)
	at org.jboss.resteasy.core.ResourceMethodInvoker.invoke(ResourceMethodInvoker.java:391)
	at org.jboss.resteasy.core.ResourceMethodInvoker.lambda$invoke$1(ResourceMethodInvoker.java:365)
	at java.base/java.util.concurrent.CompletableFuture.uniComposeStage(CompletableFuture.java:1106)
	at java.base/java.util.concurrent.CompletableFuture.thenCompose(CompletableFuture.java:2235)
	at java.base/java.util.concurrent.CompletableFuture.thenCompose(CompletableFuture.java:143)
	at org.jboss.resteasy.core.ResourceMethodInvoker.invoke(ResourceMethodInvoker.java:365)
	at org.jboss.resteasy.core.SynchronousDispatcher.invoke(SynchronousDispatcher.java:477)
	... 14 more
Caused by: org.hibernate.exception.GenericJDBCException: Unable to acquire JDBC Connection
	at org.hibernate.exception.internal.StandardSQLExceptionConverter.convert(StandardSQLExceptionConverter.java:47)
	at org.hibernate.engine.jdbc.spi.SqlExceptionHelper.convert(SqlExceptionHelper.java:113)
	at org.hibernate.engine.jdbc.spi.SqlExceptionHelper.convert(SqlExceptionHelper.java:99)
	at org.hibernate.resource.jdbc.internal.LogicalConnectionManagedImpl.acquireConnectionIfNeeded(LogicalConnectionManagedImpl.java:107)
	at org.hibernate.resource.jdbc.internal.LogicalConnectionManagedImpl.getPhysicalConnection(LogicalConnectionManagedImpl.java:134)
	at org.hibernate.engine.jdbc.internal.StatementPreparerImpl.connection(StatementPreparerImpl.java:50)
	at org.hibernate.engine.jdbc.internal.StatementPreparerImpl$5.doPrepare(StatementPreparerImpl.java:149)
	at org.hibernate.engine.jdbc.internal.StatementPreparerImpl$StatementPreparationTemplate.prepareStatement(StatementPreparerImpl.java:176)
	at org.hibernate.engine.jdbc.internal.StatementPreparerImpl.prepareQueryStatement(StatementPreparerImpl.java:151)
	at org.hibernate.loader.Loader.prepareQueryStatement(Loader.java:2104)
	at org.hibernate.loader.Loader.executeQueryStatement(Loader.java:2034)
	at org.hibernate.loader.Loader.executeQueryStatement(Loader.java:2012)
	at org.hibernate.loader.Loader.doQuery(Loader.java:953)
	at org.hibernate.loader.Loader.doQueryAndInitializeNonLazyCollections(Loader.java:354)
	at org.hibernate.loader.Loader.doList(Loader.java:2815)
	at org.hibernate.loader.Loader.doList(Loader.java:2797)
	at org.hibernate.loader.Loader.listIgnoreQueryCache(Loader.java:2629)
	at org.hibernate.loader.Loader.list(Loader.java:2624)
	at org.hibernate.loader.hql.QueryLoader.list(QueryLoader.java:506)
	at org.hibernate.hql.internal.ast.QueryTranslatorImpl.list(QueryTranslatorImpl.java:396)
	at org.hibernate.engine.query.spi.HQLQueryPlan.performList(HQLQueryPlan.java:219)
	at org.hibernate.internal.SessionImpl.list(SessionImpl.java:1396)
	at org.hibernate.query.internal.AbstractProducedQuery.doList(AbstractProducedQuery.java:1558)
	at org.hibernate.query.internal.AbstractProducedQuery.list(AbstractProducedQuery.java:1526)
	... 57 more
Caused by: java.sql.SQLException: Plugin 'root' is not loaded
	at com.mysql.cj.jdbc.exceptions.SQLError.createSQLException(SQLError.java:129)
	at com.mysql.cj.jdbc.exceptions.SQLError.createSQLException(SQLError.java:97)
	at com.mysql.cj.jdbc.exceptions.SQLExceptionsMapping.translateException(SQLExceptionsMapping.java:122)
	at com.mysql.cj.jdbc.ConnectionImpl.createNewIO(ConnectionImpl.java:827)
	at com.mysql.cj.jdbc.ConnectionImpl.<init>(ConnectionImpl.java:447)
	at com.mysql.cj.jdbc.ConnectionImpl.getInstance(ConnectionImpl.java:237)
	at com.mysql.cj.jdbc.NonRegisteringDriver.connect(NonRegisteringDriver.java:199)
	at io.agroal.pool.ConnectionFactory.createConnection(ConnectionFactory.java:200)
	at io.agroal.pool.ConnectionPool$CreateConnectionTask.call(ConnectionPool.java:390)
	at io.agroal.pool.ConnectionPool$CreateConnectionTask.call(ConnectionPool.java:372)
	at java.base/java.util.concurrent.FutureTask.run(FutureTask.java:264)
	at io.agroal.pool.util.PriorityScheduledExecutor.beforeExecute(PriorityScheduledExecutor.java:65)
	at java.base/java.util.concurrent.ThreadPoolExecutor.runWorker(ThreadPoolExecutor.java:1126)
	at java.base/java.util.concurrent.ThreadPoolExecutor$Worker.run(ThreadPoolExecutor.java:628)
	... 1 more
&amp#27;[39m&amp#27;[38;2;255;255;68m
&amp#27;[39m]]></system-out>
  </testcase>
</testsuite>